2022-01-14 15:40:57,464:DEBUG:Initialized db name to pookman.db and db path to /home/bishr/pookman.db
2022-01-14 15:40:57,464:DEBUG:Made connection to the database
2022-01-14 15:40:57,464:DEBUG:Table DIRS Created
2022-01-14 15:40:57,464:DEBUG:Table Books Created
2022-01-14 15:40:57,465:DEBUG:Index on BOOKS (FAV) Created
2022-01-14 15:40:57,465:DEBUG:Index on BOOKS (CATEGORY) Created
2022-01-14 15:40:57,465:DEBUG:Index on BOOKS (STATUS) Created
2022-01-14 15:40:57,465:DEBUG:Index on BOOKS (FOLDER) Created
2022-01-14 15:40:57,465:DEBUG:Changed commited to database
2022-01-14 15:40:57,465:DEBUG:Tables created
2022-01-14 15:40:57,465:DEBUG:Checking path on 
2022-01-14 15:40:57,465:ERROR:Not a valid directory path 
2022-01-14 15:40:57,465:DEBUG:Checking path on 
2022-01-14 15:40:57,465:ERROR:Not a valid directory path 
2022-01-14 15:40:57,465:DEBUG:Fetched dirs from database
2022-01-14 15:40:57,465:DEBUG:Fetched ebooks from database
2022-01-14 15:40:57,466:DEBUG:Making ebooks_files list from ebooks list
2022-01-14 15:40:57,466:DEBUG:Created Epookman object
2022-01-14 15:40:57,466:DEBUG:Scaned dirs
2022-01-14 15:40:57,466:DEBUG:Checking path on 
2022-01-14 15:40:57,466:ERROR:Not a valid directory path 
2022-01-14 15:40:57,466:DEBUG:Checking path on 
2022-01-14 15:40:57,467:ERROR:Not a valid directory path 
2022-01-14 15:40:57,467:DEBUG:Checking path on 
2022-01-14 15:40:57,467:ERROR:Not a valid directory path 
2022-01-14 15:40:57,467:DEBUG:Checking path on 
2022-01-14 15:40:57,468:ERROR:Not a valid directory path 
2022-01-14 15:40:58,790:DEBUG:Connection closed after deleting object
2022-01-14 15:41:10,490:DEBUG:Initialized db name to pookman.db and db path to /home/bishr/pookman.db
2022-01-14 15:41:10,490:DEBUG:Made connection to the database
2022-01-14 15:41:10,491:DEBUG:Table DIRS Created
2022-01-14 15:41:10,491:DEBUG:Table Books Created
2022-01-14 15:41:10,491:DEBUG:Index on BOOKS (FAV) Created
2022-01-14 15:41:10,491:DEBUG:Index on BOOKS (CATEGORY) Created
2022-01-14 15:41:10,491:DEBUG:Index on BOOKS (STATUS) Created
2022-01-14 15:41:10,491:DEBUG:Index on BOOKS (FOLDER) Created
2022-01-14 15:41:10,491:DEBUG:Changed commited to database
2022-01-14 15:41:10,491:DEBUG:Tables created
2022-01-14 15:41:10,491:DEBUG:Checking path on 
2022-01-14 15:41:10,491:ERROR:Not a valid directory path 
2022-01-14 15:41:10,491:DEBUG:Checking path on 
2022-01-14 15:41:10,491:ERROR:Not a valid directory path 
2022-01-14 15:41:10,492:DEBUG:Fetched dirs from database
2022-01-14 15:41:10,492:DEBUG:Fetched ebooks from database
2022-01-14 15:41:10,492:DEBUG:Making ebooks_files list from ebooks list
2022-01-14 15:41:10,492:DEBUG:Created Epookman object
2022-01-14 15:41:10,492:DEBUG:Scaned dirs
2022-01-14 15:41:10,493:DEBUG:Checking path on 
2022-01-14 15:41:10,493:ERROR:Not a valid directory path 
2022-01-14 15:41:10,493:DEBUG:Checking path on 
2022-01-14 15:41:10,493:ERROR:Not a valid directory path 
2022-01-14 15:41:10,494:DEBUG:Checking path on 
2022-01-14 15:41:10,494:ERROR:Not a valid directory path 
2022-01-14 15:41:10,494:DEBUG:Checking path on 
2022-01-14 15:41:10,494:ERROR:Not a valid directory path 
2022-01-14 15:41:26,683:DEBUG:Connection closed after deleting object
2022-01-14 15:43:35,359:DEBUG:Initialized db name to pookman.db and db path to /home/bishr/pookman.db
2022-01-14 15:43:35,359:DEBUG:Made connection to the database
2022-01-14 15:43:35,360:DEBUG:Table DIRS Created
2022-01-14 15:43:35,360:DEBUG:Table Books Created
2022-01-14 15:43:35,360:DEBUG:Index on BOOKS (FAV) Created
2022-01-14 15:43:35,360:DEBUG:Index on BOOKS (CATEGORY) Created
2022-01-14 15:43:35,360:DEBUG:Index on BOOKS (STATUS) Created
2022-01-14 15:43:35,360:DEBUG:Index on BOOKS (FOLDER) Created
2022-01-14 15:43:35,360:DEBUG:Changed commited to database
2022-01-14 15:43:35,360:DEBUG:Tables created
2022-01-14 15:43:35,360:DEBUG:Checking path on 
2022-01-14 15:43:35,360:ERROR:Not a valid directory path 
2022-01-14 15:43:35,360:DEBUG:Checking path on 
2022-01-14 15:43:35,361:ERROR:Not a valid directory path 
2022-01-14 15:43:35,361:DEBUG:Fetched dirs from database
2022-01-14 15:43:35,361:DEBUG:Fetched ebooks from database
2022-01-14 15:43:35,361:DEBUG:Making ebooks_files list from ebooks list
2022-01-14 15:43:35,361:DEBUG:Created Epookman object
2022-01-14 15:43:35,361:DEBUG:Scaned dirs
2022-01-14 15:43:35,362:DEBUG:Checking path on 
2022-01-14 15:43:35,362:ERROR:Not a valid directory path 
2022-01-14 15:43:35,362:DEBUG:Checking path on 
2022-01-14 15:43:35,362:ERROR:Not a valid directory path 
2022-01-14 15:43:35,363:DEBUG:Checking path on 
2022-01-14 15:43:35,363:ERROR:Not a valid directory path 
2022-01-14 15:43:35,363:DEBUG:Checking path on 
2022-01-14 15:43:35,363:ERROR:Not a valid directory path 
2022-01-14 15:43:35,996:DEBUG:Connection closed after deleting object
2022-01-14 15:43:45,680:DEBUG:Initialized db name to pookman.db and db path to /home/bishr/pookman.db
2022-01-14 15:43:45,680:DEBUG:Made connection to the database
2022-01-14 15:43:45,680:DEBUG:Table DIRS Created
2022-01-14 15:43:45,680:DEBUG:Table Books Created
2022-01-14 15:43:45,681:DEBUG:Index on BOOKS (FAV) Created
2022-01-14 15:43:45,681:DEBUG:Index on BOOKS (CATEGORY) Created
2022-01-14 15:43:45,681:DEBUG:Index on BOOKS (STATUS) Created
2022-01-14 15:43:45,681:DEBUG:Index on BOOKS (FOLDER) Created
2022-01-14 15:43:45,681:DEBUG:Changed commited to database
2022-01-14 15:43:45,681:DEBUG:Tables created
2022-01-14 15:43:45,681:DEBUG:Checking path on 
2022-01-14 15:43:45,681:ERROR:Not a valid directory path 
2022-01-14 15:43:45,681:DEBUG:Checking path on 
2022-01-14 15:43:45,681:ERROR:Not a valid directory path 
2022-01-14 15:43:45,681:DEBUG:Fetched dirs from database
2022-01-14 15:43:45,681:DEBUG:Fetched ebooks from database
2022-01-14 15:43:45,682:DEBUG:Making ebooks_files list from ebooks list
2022-01-14 15:43:45,682:DEBUG:Created Epookman object
2022-01-14 15:43:45,682:DEBUG:Scaned dirs
2022-01-14 15:43:45,682:DEBUG:Checking path on 
2022-01-14 15:43:45,682:ERROR:Not a valid directory path 
2022-01-14 15:43:45,682:DEBUG:Checking path on 
2022-01-14 15:43:45,683:ERROR:Not a valid directory path 
2022-01-14 15:43:45,683:DEBUG:Checking path on 
2022-01-14 15:43:45,683:ERROR:Not a valid directory path 
2022-01-14 15:43:45,684:DEBUG:Checking path on 
2022-01-14 15:43:45,684:ERROR:Not a valid directory path 
2022-01-14 15:43:49,988:DEBUG:Connection closed after deleting object
2022-01-14 15:43:58,361:DEBUG:Initialized db name to pookman.db and db path to /home/bishr/pookman.db
2022-01-14 15:43:58,362:DEBUG:Made connection to the database
2022-01-14 15:43:58,362:DEBUG:Table DIRS Created
2022-01-14 15:43:58,362:DEBUG:Table Books Created
2022-01-14 15:43:58,362:DEBUG:Index on BOOKS (FAV) Created
2022-01-14 15:43:58,362:DEBUG:Index on BOOKS (CATEGORY) Created
2022-01-14 15:43:58,362:DEBUG:Index on BOOKS (STATUS) Created
2022-01-14 15:43:58,362:DEBUG:Index on BOOKS (FOLDER) Created
2022-01-14 15:43:58,363:DEBUG:Changed commited to database
2022-01-14 15:43:58,363:DEBUG:Tables created
2022-01-14 15:43:58,363:DEBUG:Checking path on 
2022-01-14 15:43:58,363:ERROR:Not a valid directory path 
2022-01-14 15:43:58,363:DEBUG:Checking path on 
2022-01-14 15:43:58,363:ERROR:Not a valid directory path 
2022-01-14 15:43:58,363:DEBUG:Fetched dirs from database
2022-01-14 15:43:58,363:DEBUG:Fetched ebooks from database
2022-01-14 15:43:58,363:DEBUG:Making ebooks_files list from ebooks list
2022-01-14 15:43:58,363:DEBUG:Created Epookman object
2022-01-14 15:43:58,363:DEBUG:Scaned dirs
2022-01-14 15:43:58,364:DEBUG:Checking path on 
2022-01-14 15:43:58,364:ERROR:Not a valid directory path 
2022-01-14 15:43:58,364:DEBUG:Checking path on 
2022-01-14 15:43:58,364:ERROR:Not a valid directory path 
2022-01-14 15:43:58,365:DEBUG:Checking path on 
2022-01-14 15:43:58,365:ERROR:Not a valid directory path 
2022-01-14 15:43:58,365:DEBUG:Checking path on 
2022-01-14 15:43:58,365:ERROR:Not a valid directory path 
2022-01-14 15:44:02,852:DEBUG:Connection closed after deleting object
2022-01-14 15:44:21,102:DEBUG:Initialized db name to pookman.db and db path to /home/bishr/pookman.db
2022-01-14 15:44:21,103:DEBUG:Made connection to the database
2022-01-14 15:44:21,103:DEBUG:Table DIRS Created
2022-01-14 15:44:21,103:DEBUG:Table Books Created
2022-01-14 15:44:21,103:DEBUG:Index on BOOKS (FAV) Created
2022-01-14 15:44:21,103:DEBUG:Index on BOOKS (CATEGORY) Created
2022-01-14 15:44:21,103:DEBUG:Index on BOOKS (STATUS) Created
2022-01-14 15:44:21,103:DEBUG:Index on BOOKS (FOLDER) Created
2022-01-14 15:44:21,103:DEBUG:Changed commited to database
2022-01-14 15:44:21,103:DEBUG:Tables created
2022-01-14 15:44:21,103:DEBUG:Checking path on 
2022-01-14 15:44:21,104:ERROR:Not a valid directory path 
2022-01-14 15:44:21,104:DEBUG:Checking path on 
2022-01-14 15:44:21,104:ERROR:Not a valid directory path 
2022-01-14 15:44:21,104:DEBUG:Fetched dirs from database
2022-01-14 15:44:21,104:DEBUG:Fetched ebooks from database
2022-01-14 15:44:21,104:DEBUG:Making ebooks_files list from ebooks list
2022-01-14 15:44:21,104:DEBUG:Created Epookman object
2022-01-14 15:44:21,104:DEBUG:Scaned dirs
2022-01-14 15:44:21,105:DEBUG:Checking path on 
2022-01-14 15:44:21,105:ERROR:Not a valid directory path 
2022-01-14 15:44:21,105:DEBUG:Checking path on 
2022-01-14 15:44:21,105:ERROR:Not a valid directory path 
2022-01-14 15:44:21,106:DEBUG:Checking path on 
2022-01-14 15:44:21,106:ERROR:Not a valid directory path 
2022-01-14 15:44:21,106:DEBUG:Checking path on 
2022-01-14 15:44:21,106:ERROR:Not a valid directory path 
2022-01-14 15:44:22,502:DEBUG:Connection closed after deleting object
2022-01-14 15:44:52,809:DEBUG:Initialized db name to pookman.db and db path to /home/bishr/pookman.db
2022-01-14 15:44:52,810:DEBUG:Made connection to the database
2022-01-14 15:44:52,810:DEBUG:Table DIRS Created
2022-01-14 15:44:52,810:DEBUG:Table Books Created
2022-01-14 15:44:52,810:DEBUG:Index on BOOKS (FAV) Created
2022-01-14 15:44:52,810:DEBUG:Index on BOOKS (CATEGORY) Created
2022-01-14 15:44:52,810:DEBUG:Index on BOOKS (STATUS) Created
2022-01-14 15:44:52,810:DEBUG:Index on BOOKS (FOLDER) Created
2022-01-14 15:44:52,810:DEBUG:Changed commited to database
2022-01-14 15:44:52,811:DEBUG:Tables created
2022-01-14 15:44:52,811:DEBUG:Checking path on 
2022-01-14 15:44:52,811:ERROR:Not a valid directory path 
2022-01-14 15:44:52,811:DEBUG:Checking path on 
2022-01-14 15:44:52,811:ERROR:Not a valid directory path 
2022-01-14 15:44:52,811:DEBUG:Fetched dirs from database
2022-01-14 15:44:52,811:DEBUG:Fetched ebooks from database
2022-01-14 15:44:52,811:DEBUG:Making ebooks_files list from ebooks list
2022-01-14 15:44:52,811:DEBUG:Created Epookman object
2022-01-14 15:44:52,811:DEBUG:Scaned dirs
2022-01-14 15:44:52,812:DEBUG:Checking path on 
2022-01-14 15:44:52,812:ERROR:Not a valid directory path 
2022-01-14 15:44:52,812:DEBUG:Checking path on 
2022-01-14 15:44:52,812:ERROR:Not a valid directory path 
2022-01-14 15:44:52,813:DEBUG:Checking path on 
2022-01-14 15:44:52,813:ERROR:Not a valid directory path 
2022-01-14 15:44:52,813:DEBUG:Checking path on 
2022-01-14 15:44:52,813:ERROR:Not a valid directory path 
2022-01-14 15:44:54,402:DEBUG:Connection closed after deleting object
2022-01-14 15:45:19,445:DEBUG:Initialized db name to pookman.db and db path to /home/bishr/pookman.db
2022-01-14 15:45:19,445:DEBUG:Made connection to the database
2022-01-14 15:45:19,446:DEBUG:Table DIRS Created
2022-01-14 15:45:19,446:DEBUG:Table Books Created
2022-01-14 15:45:19,446:DEBUG:Index on BOOKS (FAV) Created
2022-01-14 15:45:19,446:DEBUG:Index on BOOKS (CATEGORY) Created
2022-01-14 15:45:19,446:DEBUG:Index on BOOKS (STATUS) Created
2022-01-14 15:45:19,446:DEBUG:Index on BOOKS (FOLDER) Created
2022-01-14 15:45:19,446:DEBUG:Changed commited to database
2022-01-14 15:45:19,446:DEBUG:Tables created
2022-01-14 15:45:19,446:DEBUG:Checking path on 
2022-01-14 15:45:19,446:ERROR:Not a valid directory path 
2022-01-14 15:45:19,446:DEBUG:Checking path on 
2022-01-14 15:45:19,447:ERROR:Not a valid directory path 
2022-01-14 15:45:19,447:DEBUG:Fetched dirs from database
2022-01-14 15:45:19,447:DEBUG:Fetched ebooks from database
2022-01-14 15:45:19,447:DEBUG:Making ebooks_files list from ebooks list
2022-01-14 15:45:19,447:DEBUG:Created Epookman object
2022-01-14 15:45:19,447:DEBUG:Scaned dirs
2022-01-14 15:45:19,448:DEBUG:Checking path on 
2022-01-14 15:45:19,448:ERROR:Not a valid directory path 
2022-01-14 15:45:19,448:DEBUG:Checking path on 
2022-01-14 15:45:19,448:ERROR:Not a valid directory path 
2022-01-14 15:45:19,449:DEBUG:Checking path on 
2022-01-14 15:45:19,449:ERROR:Not a valid directory path 
2022-01-14 15:45:19,449:DEBUG:Checking path on 
2022-01-14 15:45:19,449:ERROR:Not a valid directory path 
2022-01-14 15:45:20,529:DEBUG:Connection closed after deleting object
2022-01-14 15:46:22,012:DEBUG:Initialized db name to pookman.db and db path to /home/bishr/pookman.db
2022-01-14 15:46:22,012:DEBUG:Made connection to the database
2022-01-14 15:46:22,012:DEBUG:Table DIRS Created
2022-01-14 15:46:22,012:DEBUG:Table Books Created
2022-01-14 15:46:22,013:DEBUG:Index on BOOKS (FAV) Created
2022-01-14 15:46:22,013:DEBUG:Index on BOOKS (CATEGORY) Created
2022-01-14 15:46:22,013:DEBUG:Index on BOOKS (STATUS) Created
2022-01-14 15:46:22,013:DEBUG:Index on BOOKS (FOLDER) Created
2022-01-14 15:46:22,013:DEBUG:Changed commited to database
2022-01-14 15:46:22,013:DEBUG:Tables created
2022-01-14 15:46:22,013:DEBUG:Checking path on 
2022-01-14 15:46:22,013:ERROR:Not a valid directory path 
2022-01-14 15:46:22,013:DEBUG:Checking path on 
2022-01-14 15:46:22,013:ERROR:Not a valid directory path 
2022-01-14 15:46:22,013:DEBUG:Fetched dirs from database
2022-01-14 15:46:22,013:DEBUG:Fetched ebooks from database
2022-01-14 15:46:22,014:DEBUG:Making ebooks_files list from ebooks list
2022-01-14 15:46:22,014:DEBUG:Created Epookman object
2022-01-14 15:46:22,014:DEBUG:Scaned dirs
2022-01-14 15:46:22,014:DEBUG:Checking path on 
2022-01-14 15:46:22,014:ERROR:Not a valid directory path 
2022-01-14 15:46:22,015:DEBUG:Checking path on 
2022-01-14 15:46:22,015:ERROR:Not a valid directory path 
2022-01-14 15:46:22,016:DEBUG:Checking path on 
2022-01-14 15:46:22,016:ERROR:Not a valid directory path 
2022-01-14 15:46:22,016:DEBUG:Checking path on 
2022-01-14 15:46:22,016:ERROR:Not a valid directory path 
2022-01-14 15:46:31,097:DEBUG:Ebook Crime and Punishment P01.epub Inserted to database
2022-01-14 15:46:31,097:DEBUG:Ebook Crime and Punishment P02.epub Inserted to database
2022-01-14 15:46:31,097:DEBUG:Ebook Fundamentals_of_linux.pdf Inserted to database
2022-01-14 15:46:31,097:DEBUG:Ebook LFS-Linux From Scratch.pdf Inserted to database
2022-01-14 15:46:31,097:DEBUG:Ebook Linux All In One For Dummies, 6th Edition.pdf Inserted to database
2022-01-14 15:46:31,098:DEBUG:Ebook The Linux Programming Interface ( PDFDrive ).pdf Inserted to database
2022-01-14 15:46:31,098:DEBUG:Ebook Wicked Cool Shell Scripts, 2nd Edition.pdf Inserted to database
2022-01-14 15:46:31,098:DEBUG:Ebook oktobdz-رواية-الأبله-لدوستويفسكي-الجزء-الأول.pdf Inserted to database
2022-01-14 15:46:31,098:DEBUG:Ebook oktobdz-رواية-الأبله-لدوستويفسكي-الجزء-الثاني.pdf Inserted to database
2022-01-14 15:46:31,098:DEBUG:Ebook Crime and Punishment P02.epub Inserted to database
2022-01-14 15:46:31,210:DEBUG:Changes commited to database
2022-01-14 15:46:31,210:DEBUG:Changed ebook Crime and Punishment P02.epub status to reading
2022-01-14 15:46:32,800:ERROR:Couldn't open /home/bishr/Documents/Books/Novels/Crime & punishment/Crime and Punishment P02.epub
2022-01-14 15:46:32,801:DEBUG:Checking path on 
2022-01-14 15:46:32,802:ERROR:Not a valid directory path 
2022-01-14 15:46:32,802:DEBUG:Checking path on 
2022-01-14 15:46:32,802:ERROR:Not a valid directory path 
2022-01-14 15:46:32,803:DEBUG:Checking path on 
2022-01-14 15:46:32,803:ERROR:Not a valid directory path 
2022-01-14 15:46:32,803:DEBUG:Checking path on 
2022-01-14 15:46:32,803:ERROR:Not a valid directory path 
2022-01-14 15:46:48,672:DEBUG:Connection closed after deleting object
2022-01-14 15:46:51,223:DEBUG:Initialized db name to pookman.db and db path to /home/bishr/pookman.db
2022-01-14 15:46:51,224:DEBUG:Made connection to the database
2022-01-14 15:46:51,224:DEBUG:Table DIRS Created
2022-01-14 15:46:51,224:DEBUG:Table Books Created
2022-01-14 15:46:51,224:DEBUG:Index on BOOKS (FAV) Created
2022-01-14 15:46:51,224:DEBUG:Index on BOOKS (CATEGORY) Created
2022-01-14 15:46:51,225:DEBUG:Index on BOOKS (STATUS) Created
2022-01-14 15:46:51,225:DEBUG:Index on BOOKS (FOLDER) Created
2022-01-14 15:46:51,225:DEBUG:Changed commited to database
2022-01-14 15:46:51,225:DEBUG:Tables created
2022-01-14 15:46:51,225:DEBUG:Checking path on 
2022-01-14 15:46:51,225:ERROR:Not a valid directory path 
2022-01-14 15:46:51,225:DEBUG:Checking path on 
2022-01-14 15:46:51,225:ERROR:Not a valid directory path 
2022-01-14 15:46:51,225:DEBUG:Fetched dirs from database
2022-01-14 15:46:51,225:DEBUG:Fetched ebooks from database
2022-01-14 15:46:51,226:DEBUG:Making ebooks_files list from ebooks list
2022-01-14 15:46:51,226:DEBUG:Created Epookman object
2022-01-14 15:46:51,226:DEBUG:Scaned dirs
2022-01-14 15:46:51,227:DEBUG:Checking path on 
2022-01-14 15:46:51,227:ERROR:Not a valid directory path 
2022-01-14 15:46:51,227:DEBUG:Checking path on 
2022-01-14 15:46:51,227:ERROR:Not a valid directory path 
2022-01-14 15:46:51,228:DEBUG:Checking path on 
2022-01-14 15:46:51,228:ERROR:Not a valid directory path 
2022-01-14 15:46:51,229:DEBUG:Checking path on 
2022-01-14 15:46:51,229:ERROR:Not a valid directory path 
2022-01-14 15:46:55,349:DEBUG:Connection closed after deleting object
2022-01-14 15:46:56,482:DEBUG:Initialized db name to pookman.db and db path to /home/bishr/pookman.db
2022-01-14 15:46:56,482:DEBUG:Made connection to the database
2022-01-14 15:46:56,482:DEBUG:Table DIRS Created
2022-01-14 15:46:56,482:DEBUG:Table Books Created
2022-01-14 15:46:56,482:DEBUG:Index on BOOKS (FAV) Created
2022-01-14 15:46:56,482:DEBUG:Index on BOOKS (CATEGORY) Created
2022-01-14 15:46:56,483:DEBUG:Index on BOOKS (STATUS) Created
2022-01-14 15:46:56,483:DEBUG:Index on BOOKS (FOLDER) Created
2022-01-14 15:46:56,483:DEBUG:Changed commited to database
2022-01-14 15:46:56,483:DEBUG:Tables created
2022-01-14 15:46:56,483:DEBUG:Checking path on 
2022-01-14 15:46:56,483:ERROR:Not a valid directory path 
2022-01-14 15:46:56,483:DEBUG:Checking path on 
2022-01-14 15:46:56,483:ERROR:Not a valid directory path 
2022-01-14 15:46:56,483:DEBUG:Fetched dirs from database
2022-01-14 15:46:56,483:DEBUG:Fetched ebooks from database
2022-01-14 15:46:56,483:DEBUG:Making ebooks_files list from ebooks list
2022-01-14 15:46:56,483:DEBUG:Created Epookman object
2022-01-14 15:46:56,483:DEBUG:Scaned dirs
2022-01-14 15:46:56,484:DEBUG:Checking path on 
2022-01-14 15:46:56,484:ERROR:Not a valid directory path 
2022-01-14 15:46:56,484:DEBUG:Checking path on 
2022-01-14 15:46:56,484:ERROR:Not a valid directory path 
2022-01-14 15:46:56,485:DEBUG:Checking path on 
2022-01-14 15:46:56,485:ERROR:Not a valid directory path 
2022-01-14 15:46:56,485:DEBUG:Checking path on 
2022-01-14 15:46:56,486:ERROR:Not a valid directory path 
2022-01-14 15:46:57,496:DEBUG:Connection closed after deleting object
2022-01-14 15:46:58,188:DEBUG:Initialized db name to pookman.db and db path to /home/bishr/pookman.db
2022-01-14 15:46:58,188:DEBUG:Made connection to the database
2022-01-14 15:46:58,189:DEBUG:Table DIRS Created
2022-01-14 15:46:58,189:DEBUG:Table Books Created
2022-01-14 15:46:58,189:DEBUG:Index on BOOKS (FAV) Created
2022-01-14 15:46:58,189:DEBUG:Index on BOOKS (CATEGORY) Created
2022-01-14 15:46:58,189:DEBUG:Index on BOOKS (STATUS) Created
2022-01-14 15:46:58,189:DEBUG:Index on BOOKS (FOLDER) Created
2022-01-14 15:46:58,190:DEBUG:Changed commited to database
2022-01-14 15:46:58,190:DEBUG:Tables created
2022-01-14 15:46:58,190:DEBUG:Checking path on 
2022-01-14 15:46:58,190:ERROR:Not a valid directory path 
2022-01-14 15:46:58,190:DEBUG:Checking path on 
2022-01-14 15:46:58,190:ERROR:Not a valid directory path 
2022-01-14 15:46:58,190:DEBUG:Fetched dirs from database
2022-01-14 15:46:58,190:DEBUG:Fetched ebooks from database
2022-01-14 15:46:58,190:DEBUG:Making ebooks_files list from ebooks list
2022-01-14 15:46:58,190:DEBUG:Created Epookman object
2022-01-14 15:46:58,190:DEBUG:Scaned dirs
2022-01-14 15:46:58,191:DEBUG:Checking path on 
2022-01-14 15:46:58,191:ERROR:Not a valid directory path 
2022-01-14 15:46:58,191:DEBUG:Checking path on 
2022-01-14 15:46:58,191:ERROR:Not a valid directory path 
2022-01-14 15:46:58,192:DEBUG:Checking path on 
2022-01-14 15:46:58,192:ERROR:Not a valid directory path 
2022-01-14 15:46:58,192:DEBUG:Checking path on 
2022-01-14 15:46:58,192:ERROR:Not a valid directory path 
2022-01-14 15:47:17,773:DEBUG:Connection closed after deleting object
2022-01-14 15:47:18,505:DEBUG:Initialized db name to pookman.db and db path to /home/bishr/pookman.db
2022-01-14 15:47:18,505:DEBUG:Made connection to the database
2022-01-14 15:47:18,505:DEBUG:Table DIRS Created
2022-01-14 15:47:18,506:DEBUG:Table Books Created
2022-01-14 15:47:18,506:DEBUG:Index on BOOKS (FAV) Created
2022-01-14 15:47:18,506:DEBUG:Index on BOOKS (CATEGORY) Created
2022-01-14 15:47:18,506:DEBUG:Index on BOOKS (STATUS) Created
2022-01-14 15:47:18,506:DEBUG:Index on BOOKS (FOLDER) Created
2022-01-14 15:47:18,506:DEBUG:Changed commited to database
2022-01-14 15:47:18,506:DEBUG:Tables created
2022-01-14 15:47:18,506:DEBUG:Checking path on 
2022-01-14 15:47:18,506:ERROR:Not a valid directory path 
2022-01-14 15:47:18,506:DEBUG:Checking path on 
2022-01-14 15:47:18,506:ERROR:Not a valid directory path 
2022-01-14 15:47:18,506:DEBUG:Fetched dirs from database
2022-01-14 15:47:18,507:DEBUG:Fetched ebooks from database
2022-01-14 15:47:18,507:DEBUG:Making ebooks_files list from ebooks list
2022-01-14 15:47:18,507:DEBUG:Created Epookman object
2022-01-14 15:47:18,507:DEBUG:Scaned dirs
2022-01-14 15:47:18,507:DEBUG:Checking path on 
2022-01-14 15:47:18,508:ERROR:Not a valid directory path 
2022-01-14 15:47:18,508:DEBUG:Checking path on 
2022-01-14 15:47:18,508:ERROR:Not a valid directory path 
2022-01-14 15:47:18,509:DEBUG:Checking path on 
2022-01-14 15:47:18,509:ERROR:Not a valid directory path 
2022-01-14 15:47:18,509:DEBUG:Checking path on 
2022-01-14 15:47:18,509:ERROR:Not a valid directory path 
2022-01-14 15:47:29,543:DEBUG:Connection closed after deleting object
